Using pre-set license
Built from '2020.3/staging' branch; Version is '2020.3.26f1 (7298b473bc1a) revision 7510196'; Using compiler version '192528614'; Build Type 'Release'
OS: 'Windows 10  (10.0.19043) 64bit Professional' Language: 'en' Physical Memory: 28561 MB
BatchMode: 1, IsHumanControllingUs: 0, StartBugReporterOnCrash: 0, Is64bit: 1, IsPro: 0

COMMAND LINE ARGUMENTS:
D:\Program Files\Unity\Unity 2020.3.26f1\Editor\Unity.exe
-adb2
-batchMode
-noUpm
-name
AssetImportWorker0
-projectPath
D:/Users/fauzz/Documents/GitHub/CyberPatient
-logFile
Logs/AssetImportWorker0.log
-srvPort
59468
Successfully changed project path to: D:/Users/fauzz/Documents/GitHub/CyberPatient
D:/Users/fauzz/Documents/GitHub/CyberPatient
Using Asset Import Pipeline V2.
Refreshing native plugins compatible for Editor in 42.27 ms, found 2 plugins.
Preloading 0 native plugins for Editor in 0.00 ms.
Initialize engine version: 2020.3.26f1 (7298b473bc1a)
[Subsystems] Discovering subsystems at path D:/Program Files/Unity/Unity 2020.3.26f1/Editor/Data/Resources/UnitySubsystems
[Subsystems] Discovering subsystems at path D:/Users/fauzz/Documents/GitHub/CyberPatient/Assets
GfxDevice: creating device client; threaded=0
Direct3D:
    Version:  Direct3D 11.0 [level 11.1]
    Renderer: NVIDIA GeForce RTX 3070 Ti (ID=0x2482)
    Vendor:   
    VRAM:     8041 MB
    Driver:   30.0.15.1165
Initialize mono
Mono path[0] = 'D:/Program Files/Unity/Unity 2020.3.26f1/Editor/Data/Managed'
Mono path[1] = 'D:/Program Files/Unity/Unity 2020.3.26f1/Editor/Data/MonoBleedingEdge/lib/mono/unityjit'
Mono config path = 'D:/Program Files/Unity/Unity 2020.3.26f1/Editor/Data/MonoBleedingEdge/etc'
Using monoOptions --debugger-agent=transport=dt_socket,embedding=1,server=y,suspend=n,address=127.0.0.1:56940
Begin MonoManager ReloadAssembly
Registering precompiled unity dll's ...
Register platform support module: D:/Program Files/Unity/Unity 2020.3.26f1/Editor/Data/PlaybackEngines/WindowsStandaloneSupport/UnityEditor.WindowsStandalone.Extensions.dll
Registered in 0.001217 seconds.
Native extension for WindowsStandalone target not found
Refreshing native plugins compatible for Editor in 37.37 ms, found 2 plugins.
Preloading 0 native plugins for Editor in 0.00 ms.
Mono: successfully reloaded assembly
- Completed reload, in  0.422 seconds
Domain Reload Profiling:
	ReloadAssembly (422ms)
		BeginReloadAssembly (44ms)
			ExecutionOrderSort (0ms)
			DisableScriptedObjects (0ms)
			BackupInstance (0ms)
			ReleaseScriptingObjects (0ms)
			CreateAndSetChildDomain (1ms)
		EndReloadAssembly (330ms)
			LoadAssemblies (43ms)
			RebuildTransferFunctionScriptingTraits (0ms)
			SetupTypeCache (99ms)
			ReleaseScriptCaches (0ms)
			RebuildScriptCaches (20ms)
			SetupLoadedEditorAssemblies (134ms)
				LogAssemblyErrors (0ms)
				InitializePlatformSupportModulesInManaged (3ms)
				SetLoadedEditorAssemblies (0ms)
				RefreshPlugins (37ms)
				BeforeProcessingInitializeOnLoad (8ms)
				ProcessInitializeOnLoadAttributes (62ms)
				ProcessInitializeOnLoadMethodAttributes (23ms)
				AfterProcessingInitializeOnLoad (0ms)
				EditorAssembliesLoaded (0ms)
			ExecutionOrderSort2 (0ms)
			AwakeInstancesAfterBackupRestoration (0ms)
Platform modules already initialized, skipping
Registering precompiled user dll's ...
Registered in 0.002343 seconds.
Begin MonoManager ReloadAssembly
Native extension for WindowsStandalone target not found
Refreshing native plugins compatible for Editor in 37.84 ms, found 2 plugins.
Preloading 0 native plugins for Editor in 0.00 ms.
Mono: successfully reloaded assembly
- Completed reload, in  0.694 seconds
Domain Reload Profiling:
	ReloadAssembly (695ms)
		BeginReloadAssembly (103ms)
			ExecutionOrderSort (0ms)
			DisableScriptedObjects (3ms)
			BackupInstance (0ms)
			ReleaseScriptingObjects (0ms)
			CreateAndSetChildDomain (17ms)
		EndReloadAssembly (551ms)
			LoadAssemblies (70ms)
			RebuildTransferFunctionScriptingTraits (0ms)
			SetupTypeCache (183ms)
			ReleaseScriptCaches (0ms)
			RebuildScriptCaches (32ms)
			SetupLoadedEditorAssemblies (188ms)
				LogAssemblyErrors (0ms)
				InitializePlatformSupportModulesInManaged (2ms)
				SetLoadedEditorAssemblies (0ms)
				RefreshPlugins (38ms)
				BeforeProcessingInitializeOnLoad (58ms)
				ProcessInitializeOnLoadAttributes (82ms)
				ProcessInitializeOnLoadMethodAttributes (5ms)
				AfterProcessingInitializeOnLoad (2ms)
				EditorAssembliesLoaded (0ms)
			ExecutionOrderSort2 (0ms)
			AwakeInstancesAfterBackupRestoration (5ms)
Platform modules already initialized, skipping
========================================================================
Worker process is ready to serve import requests
Launched and connected shader compiler UnityShaderCompiler.exe after 0.06 seconds
Refreshing native plugins compatible for Editor in 0.58 ms, found 2 plugins.
Preloading 0 native plugins for Editor in 0.00 ms.
Unloading 2793 Unused Serialized files (Serialized files now loaded: 0)
System memory in use before: 131.5 MB.
System memory in use after: 131.1 MB.

Unloading 25 unused Assets to reduce memory usage. Loaded Objects now: 3228.
Total: 3.017300 ms (FindLiveObjects: 0.236800 ms CreateObjectMapping: 0.066200 ms MarkObjects: 2.211100 ms  DeleteObjects: 0.501900 ms)

AssetImportParameters requested are different than current active one (requested -> active):
  custom:framework-win-MediaFoundation: 216162199b28c13a410421893ffa2e32 -> 
  custom:video-decoder-ogg-theora: a1e56fd34408186e4bbccfd4996cb3dc -> 
  custom:container-muxer-webm: aa71ff27fc2769a1b78a27578f13a17b -> 
  custom:container-demuxer-webm: 4f35f7cbe854078d1ac9338744f61a02 -> 
  custom:container-demuxer-ogg: 62fdf1f143b41e24485cea50d1cbac27 -> 
  custom:video-encoder-webm-vp8: eb34c28f22e8b96e1ab97ce403110664 -> 
  custom:video-decoder-webm-vp8: 9c59270c3fd7afecdb556c50c9e8de78 -> 
  custom:audio-decoder-ogg-vorbis: bf7c407c2cedff20999df2af8eb42d56 -> 
  custom:audio-encoder-webm-vorbis: bf7c407c2cedff20999df2af8eb42d56 -> 
========================================================================
Received Import Request.
  path: Assets/Materials/TestGraph.shadergraph
  artifactKey: Guid(beffec89556c43c4aa5c266c7a31ee7c) Importer(815301076,1909f56bfc062723c751e8b465ee728b)
Start importing Assets/Materials/TestGraph.shadergraph using Guid(beffec89556c43c4aa5c266c7a31ee7c) Importer(815301076,1909f56bfc062723c751e8b465ee728b)  -> (artifact id: '2c9ed5d7e9281dcb8d4240da15bd2688') in 0.031344 seconds 
  Import took 0.035158 seconds .

========================================================================
Received Import Request.
  Time since last request: 0.000209 seconds.
  path: Assets/Materials
  artifactKey: Guid(ae75d09ac0fc1674598a9bfd5847020b) Importer(815301076,1909f56bfc062723c751e8b465ee728b)
Start importing Assets/Materials using Guid(ae75d09ac0fc1674598a9bfd5847020b) Importer(815301076,1909f56bfc062723c751e8b465ee728b)  -> (artifact id: 'd9fb79b7a02c97d12862b10b52687d3b') in 0.003324 seconds 
  Import took 0.006855 seconds .

========================================================================
Received Import Request.
  Time since last request: 228.283654 seconds.
  path: Assets/Resources/TextureSources/TestBodyTextures/Female_UV_Game_1002_AlbedoTransparency.png
  artifactKey: Guid(421a55db50cd64c439ec4db20532ed3b) Importer(815301076,1909f56bfc062723c751e8b465ee728b)
Start importing Assets/Resources/TextureSources/TestBodyTextures/Female_UV_Game_1002_AlbedoTransparency.png using Guid(421a55db50cd64c439ec4db20532ed3b) Importer(815301076,1909f56bfc062723c751e8b465ee728b)  -> (artifact id: '345c27fc6850a326145be905a223cfe7') in 0.212158 seconds 
  Import took 0.216584 seconds .

========================================================================
Received Import Request.
  Time since last request: 0.000221 seconds.
  path: Assets/Resources/TextureSources/TestBodyTextures/Female_UV_Game_1002_MetallicSmoothness.png
  artifactKey: Guid(2ee2237f906cc0849b6c13286b836110) Importer(815301076,1909f56bfc062723c751e8b465ee728b)
Start importing Assets/Resources/TextureSources/TestBodyTextures/Female_UV_Game_1002_MetallicSmoothness.png using Guid(2ee2237f906cc0849b6c13286b836110) Importer(815301076,1909f56bfc062723c751e8b465ee728b)  -> (artifact id: '41466cf26bdfd223bd6d80c47d252656') in 0.296329 seconds 
  Import took 0.300195 seconds .

========================================================================
Received Import Request.
  Time since last request: 0.000209 seconds.
  path: Assets/Resources/TextureSources/TestBodyTextures/Female_UV_Game_1002_Normal.png
  artifactKey: Guid(db4c4e8b6d9b6df47a9cd7fdd7ee728f) Importer(815301076,1909f56bfc062723c751e8b465ee728b)
Start importing Assets/Resources/TextureSources/TestBodyTextures/Female_UV_Game_1002_Normal.png using Guid(db4c4e8b6d9b6df47a9cd7fdd7ee728f) Importer(815301076,1909f56bfc062723c751e8b465ee728b)  -> (artifact id: '7f610c559e441f5e140d9b61ecdcad97') in 0.009516 seconds 
  Import took 0.013618 seconds .

========================================================================
Received Import Request.
  Time since last request: 12.943792 seconds.
  path: Assets/Materials/Base_Mat.mat
  artifactKey: Guid(d48f34925dff60247ab28aa93b379e90) Importer(815301076,1909f56bfc062723c751e8b465ee728b)
Start importing Assets/Materials/Base_Mat.mat using Guid(d48f34925dff60247ab28aa93b379e90) Importer(815301076,1909f56bfc062723c751e8b465ee728b)  -> (artifact id: '28a4d822ee88c50a25fbb227844410a4') in 0.160352 seconds 
  Import took 0.165153 seconds .

========================================================================
Received Import Request.
  Time since last request: 74.689616 seconds.
  path: Assets/Materials/NewSurfaceShader.shader
  artifactKey: Guid(12ece89d22a76c64eb1d830e9e300993) Importer(815301076,1909f56bfc062723c751e8b465ee728b)
Start importing Assets/Materials/NewSurfaceShader.shader using Guid(12ece89d22a76c64eb1d830e9e300993) Importer(815301076,1909f56bfc062723c751e8b465ee728b)  -> (artifact id: '0501c15316e6a5f7436b5da0619252a6') in 0.007677 seconds 
  Import took 0.011926 seconds .

========================================================================
Received Import Request.
  Time since last request: 104.166530 seconds.
  path: Assets/Materials/TestGraph - Copy.shadergraph
  artifactKey: Guid(7349b7eb4c087444d8b4e624b39486e4) Importer(815301076,1909f56bfc062723c751e8b465ee728b)
Start importing Assets/Materials/TestGraph - Copy.shadergraph using Guid(7349b7eb4c087444d8b4e624b39486e4) Importer(815301076,1909f56bfc062723c751e8b465ee728b)  -> (artifact id: 'e1b6d0ca2482f2cfd45277354f20799a') in 0.005075 seconds 
  Import took 0.009706 seconds .

========================================================================
Received Import Request.
  Time since last request: 16.458355 seconds.
  path: Assets/Materials/SG_Base_Shader.shadergraph
  artifactKey: Guid(7349b7eb4c087444d8b4e624b39486e4) Importer(815301076,1909f56bfc062723c751e8b465ee728b)
Start importing Assets/Materials/SG_Base_Shader.shadergraph using Guid(7349b7eb4c087444d8b4e624b39486e4) Importer(815301076,1909f56bfc062723c751e8b465ee728b)  -> (artifact id: '382586724d9e0509dd47f4f3b9d82e25') in 0.005798 seconds 
  Import took 0.010560 seconds .

